Clock: clk
Sources: wb_clk_i 
Generated: no
Virtual: yes
Propagated: no
Period: 25.000000

===========================================================================
report_clock_properties
============================================================================
Clock                   Period          Waveform
----------------------------------------------------
clk                  25.000000    0.000000 12.500000

===========================================================================
report_clock_latency
============================================================================
Clock clk
rise -> rise
    min     max
4.650000 5.570000 source latency
4.994873         network latency rgb_mixer/_794_/CLK
        5.922452 network latency rgb_mixer/_795_/CLK
---------------
9.644874 11.492452 latency
        1.847578 skew

fall -> fall
    min     max
4.650000 5.570000 source latency
5.138197         network latency rgb_mixer/_794_/CLK
        6.063816 network latency rgb_mixer/_813_/CLK
---------------
9.788198 11.633816 latency
        1.845619 skew



===========================================================================
report_clock_min_period
============================================================================
clk period_min = 2.40 fmax = 416.73
