Clock: clk
Sources: wb_clk_i 
Generated: no
Virtual: yes
Propagated: no
Period: 25.000000

===========================================================================
report_clock_properties
============================================================================
Clock                   Period          Waveform
----------------------------------------------------
clk                  25.000000    0.000000 12.500000

===========================================================================
report_clock_latency
============================================================================
Clock clk
rise -> rise
    min     max
4.650000 5.570000 source latency
5.015746         network latency rgb_mixer/_794_/CLK
        5.945688 network latency rgb_mixer/_786_/CLK
---------------
9.665746 11.515688 latency
        1.849942 skew

fall -> fall
    min     max
4.650000 5.570000 source latency
5.162168         network latency rgb_mixer/_794_/CLK
        6.089639 network latency rgb_mixer/_786_/CLK
---------------
9.812167 11.659639 latency
        1.847472 skew



===========================================================================
report_clock_min_period
============================================================================
clk period_min = 2.46 fmax = 407.28
