Clock: clk
Sources: wb_clk_i 
Generated: no
Virtual: yes
Propagated: no
Period: 25.000000

===========================================================================
report_clock_properties
============================================================================
Clock                   Period          Waveform
----------------------------------------------------
clk                  25.000000    0.000000 12.500000

===========================================================================
report_clock_latency
============================================================================
Clock clk
rise -> rise
    min     max
4.650000 5.570000 source latency
5.212171         network latency rgb_mixer/_794_/CLK
        6.143303 network latency rgb_mixer/_813_/CLK
---------------
9.862170 11.713303 latency
        1.851133 skew

fall -> fall
    min     max
4.650000 5.570000 source latency
5.304633         network latency rgb_mixer/_794_/CLK
        6.232716 network latency rgb_mixer/_813_/CLK
---------------
9.954633 11.802715 latency
        1.848083 skew



===========================================================================
report_clock_min_period
============================================================================
clk period_min = 3.60 fmax = 277.60
