Clock: clk
Sources: wb_clk_i 
Generated: no
Virtual: yes
Propagated: no
Period: 25.000000

===========================================================================
report_clock_properties
============================================================================
Clock                   Period          Waveform
----------------------------------------------------
clk                  25.000000    0.000000 12.500000

===========================================================================
report_clock_latency
============================================================================
Clock clk
rise -> rise
    min     max
4.650000 5.570000 source latency
5.583826         network latency rgb_mixer/_794_/CLK
        6.522083 network latency rgb_mixer/_813_/CLK
---------------
10.233826 12.092083 latency
        1.858258 skew

fall -> fall
    min     max
4.650000 5.570000 source latency
5.599944         network latency rgb_mixer/_794_/CLK
        6.535910 network latency rgb_mixer/_813_/CLK
---------------
10.249944 12.105909 latency
        1.855966 skew



===========================================================================
report_clock_min_period
============================================================================
clk period_min = 6.77 fmax = 147.77
