Clock: clk
Sources: wb_clk_i 
Generated: no
Virtual: yes
Propagated: no
Period: 25.000000

===========================================================================
report_clock_properties
============================================================================
Clock                   Period          Waveform
----------------------------------------------------
clk                  25.000000    0.000000 12.500000

===========================================================================
report_clock_latency
============================================================================
Clock clk
rise -> rise
    min     max
4.650000 5.570000 source latency
5.226265         network latency rgb_mixer/_794_/CLK
        6.159042 network latency rgb_mixer/_795_/CLK
---------------
9.876266 11.729042 latency
        1.852777 skew

fall -> fall
    min     max
4.650000 5.570000 source latency
5.318830         network latency rgb_mixer/_794_/CLK
        6.248357 network latency rgb_mixer/_786_/CLK
---------------
9.968829 11.818357 latency
        1.849527 skew



===========================================================================
report_clock_min_period
============================================================================
clk period_min = 3.65 fmax = 274.20
