Clock: clk
Sources: wb_clk_i 
Generated: no
Virtual: yes
Propagated: no
Period: 25.000000

===========================================================================
report_clock_properties
============================================================================
Clock                   Period          Waveform
----------------------------------------------------
clk                  25.000000    0.000000 12.500000

===========================================================================
report_clock_latency
============================================================================
Clock clk
rise -> rise
    min     max
4.650000 5.570000 source latency
5.198848         network latency rgb_mixer/_794_/CLK
        6.128964 network latency rgb_mixer/_795_/CLK
---------------
9.848847 11.698965 latency
        1.850117 skew

fall -> fall
    min     max
4.650000 5.570000 source latency
5.291519         network latency rgb_mixer/_794_/CLK
        6.218906 network latency rgb_mixer/_813_/CLK
---------------
9.941518 11.788906 latency
        1.847388 skew



===========================================================================
report_clock_min_period
============================================================================
clk period_min = 3.56 fmax = 280.72
