
Magic 8.3 revision 489 - Compiled on Thu Aug 22 13:45:15 UTC 2024.
Starting magic under Tcl interpreter
Using the terminal as the console.
Using NULL graphics device.
Processing system .magicrc file
Sourcing design .magicrc for technology sky130A ...
2 Magic internal units = 1 Lambda
Input style sky130(): scaleFactor=2, multiplier=2
The following types are not handled by extraction and will be treated as non-electrical types:
    ubm 
Scaled tech values by 2 / 1 to match internal grid scaling
Loading sky130A Device Generator Menu ...
Loading "/nix/store/pqxyc4xmydcs5adig47yyc29r3svp5nx-python3-3.11.9-env/lib/python3.11/site-packages/librelane/scripts/magic/wrapper.tcl" from command line.
Warning: Calma reading is not undoable!  I hope that's OK.
Library written using GDS-II Release 3.0
Library name: user_project_wrapper
Reading "HF_sky130_ef_sc_hd__decap_40_12".
Reading "HF_sky130_fd_sc_hd__decap_3".
Reading "HF_sky130_fd_sc_hd__fill_1".
Reading "HF_sky130_fd_sc_hd__tapvpwrvgnd_1".
Reading "HF_sky130_fd_sc_hd__buf_1".
Reading "HF_sky130_fd_sc_hd__fill_4".
Reading "HF_sky130_fd_sc_hd__fill_2".
Reading "HF_sky130_fd_sc_hd__diode_2".
Reading "HF_sky130_fd_sc_hd__inv_2".
Reading "HF_sky130_fd_sc_hd__buf_12".
Reading "HF_sky130_fd_sc_hd__clkbuf_1".
Reading "HF_sky130_fd_sc_hd__conb_1".
Reading "HF_sky130_fd_sc_hd__fill_8".
Reading "HF_sky130_fd_sc_hd__dfstp_1".
Reading "HF_sky130_fd_sc_hd__dlygate4sd3_1".
Reading "HF_sky130_fd_sc_hd__clkbuf_4".
Reading "HF_sky130_fd_sc_hd__and2b_1".
Reading "HF_sky130_fd_sc_hd__and4_1".
Reading "HF_sky130_fd_sc_hd__dfxtp_1".
Reading "HF_sky130_fd_sc_hd__or4_1".
Reading "HF_sky130_fd_sc_hd__a41o_1".
Reading "HF_sky130_fd_sc_hd__a22o_1".
Reading "HF_sky130_fd_sc_hd__clkbuf_8".
Reading "HF_sky130_fd_sc_hd__nor2_1".
Reading "HF_sky130_fd_sc_hd__clkinv_2".
Reading "HF_sky130_fd_sc_hd__xnor2_1".
Reading "HF_sky130_fd_sc_hd__clkinvlp_4".
Reading "HF_sky130_fd_sc_hd__nand2_1".
Reading "HF_sky130_fd_sc_hd__nand4b_2".
Reading "HF_sky130_fd_sc_hd__or2_1".
Reading "HF_sky130_fd_sc_hd__mux2_1".
Reading "HF_sky130_fd_sc_hd__a21oi_4".
Reading "HF_sky130_fd_sc_hd__and2_1".
Reading "HF_sky130_fd_sc_hd__a31o_1".
Reading "HF_sky130_fd_sc_hd__or4b_2".
Reading "HF_sky130_fd_sc_hd__nand2_4".
Reading "HF_sky130_fd_sc_hd__a21o_1".
Reading "HF_sky130_fd_sc_hd__o21a_1".
Reading "HF_sky130_fd_sc_hd__and3_1".
Reading "HF_sky130_fd_sc_hd__o21ai_2".
Reading "HF_sky130_fd_sc_hd__a211oi_1".
Reading "HF_sky130_fd_sc_hd__a221oi_1".
Reading "HF_sky130_fd_sc_hd__o22a_1".
Reading "HF_sky130_fd_sc_hd__a21oi_1".
Reading "HF_sky130_fd_sc_hd__o221a_1".
Reading "HF_sky130_fd_sc_hd__a221o_1".
Reading "HF_sky130_fd_sc_hd__a211o_1".
Reading "HF_sky130_fd_sc_hd__bufinv_16".
Reading "HF_sky130_fd_sc_hd__o41a_1".
Reading "HF_sky130_fd_sc_hd__nor3_1".
Reading "HF_sky130_fd_sc_hd__nand2b_1".
Reading "HF_sky130_fd_sc_hd__buf_4".
Reading "HF_sky130_fd_sc_hd__clkbuf_16".
Reading "HF_sky130_fd_sc_hd__o21ai_1".
Reading "HF_sky130_fd_sc_hd__clkinv_4".
Reading "rgb_mixer".
Reading "user_project_wrapper".
[INFO] Loading user_project_wrapper

DRC style is now "drc(full)"
Loading DRC CIF style.
No errors found.
[INFO] COUNT: 0
[INFO] Should be divided by 3 or 4
[INFO] DRC Checking DONE (/home/matt/work/asic-workshop/chip-foundry/chip-create-demo/openlane/user_project_wrapper/runs/25_09_11_12_10/55-magic-drc/reports/drc_violations.magic.rpt)
[INFO] Saving mag view with DRC errors (/home/matt/work/asic-workshop/chip-foundry/chip-create-demo/openlane/user_project_wrapper/runs/25_09_11_12_10/55-magic-drc/views/user_project_wrapper.drc.mag)
[INFO] Saved
