Clock: clk
Sources: wb_clk_i 
Generated: no
Virtual: yes
Propagated: no
Period: 25.000000

===========================================================================
report_clock_properties
============================================================================
Clock                   Period          Waveform
----------------------------------------------------
clk                  25.000000    0.000000 12.500000

===========================================================================
report_clock_latency
============================================================================
Clock clk
rise -> rise
    min     max
4.650000 5.570000 source latency
5.005055         network latency rgb_mixer/_794_/CLK
        5.933386 network latency rgb_mixer/_795_/CLK
---------------
9.655056 11.503386 latency
        1.848330 skew

fall -> fall
    min     max
4.650000 5.570000 source latency
5.149399         network latency rgb_mixer/_794_/CLK
        6.075400 network latency rgb_mixer/_813_/CLK
---------------
9.799399 11.645400 latency
        1.846001 skew



===========================================================================
report_clock_min_period
============================================================================
clk period_min = 2.43 fmax = 412.16
