Clock: clk
Sources: wb_clk_i 
Generated: no
Virtual: yes
Propagated: no
Period: 25.000000

===========================================================================
report_clock_properties
============================================================================
Clock                   Period          Waveform
----------------------------------------------------
clk                  25.000000    0.000000 12.500000

===========================================================================
report_clock_latency
============================================================================
Clock clk
rise -> rise
    min     max
4.650000 5.570000 source latency
5.602192         network latency rgb_mixer/_794_/CLK
        6.541746 network latency rgb_mixer/_813_/CLK
---------------
10.252192 12.111746 latency
        1.859553 skew

fall -> fall
    min     max
4.650000 5.570000 source latency
5.616286         network latency rgb_mixer/_794_/CLK
        6.553592 network latency rgb_mixer/_813_/CLK
---------------
10.266286 12.123591 latency
        1.857306 skew



===========================================================================
report_clock_min_period
============================================================================
clk period_min = 6.82 fmax = 146.64
